mode: set
github.com/ljubushkin/container-management-service/internal/repository/inmemory/container_repo.go:16.40,20.2 1 1
github.com/ljubushkin/container-management-service/internal/repository/inmemory/container_repo.go:22.59,28.2 4 1
github.com/ljubushkin/container-management-service/internal/repository/inmemory/container_repo.go:30.75,34.31 3 1
github.com/ljubushkin/container-management-service/internal/repository/inmemory/container_repo.go:34.31,36.3 1 1
github.com/ljubushkin/container-management-service/internal/repository/inmemory/container_repo.go:37.2,37.12 1 1
github.com/ljubushkin/container-management-service/internal/repository/inmemory/container_repo.go:40.71,45.9 4 1
github.com/ljubushkin/container-management-service/internal/repository/inmemory/container_repo.go:45.9,47.3 1 1
github.com/ljubushkin/container-management-service/internal/repository/inmemory/container_repo.go:49.2,49.31 1 1
github.com/ljubushkin/container-management-service/internal/repository/inmemory/container_repo.go:52.90,58.27 4 1
github.com/ljubushkin/container-management-service/internal/repository/inmemory/container_repo.go:58.27,59.63 1 1
github.com/ljubushkin/container-management-service/internal/repository/inmemory/container_repo.go:59.63,60.12 1 1
github.com/ljubushkin/container-management-service/internal/repository/inmemory/container_repo.go:63.3,63.57 1 1
github.com/ljubushkin/container-management-service/internal/repository/inmemory/container_repo.go:63.57,64.12 1 1
github.com/ljubushkin/container-management-service/internal/repository/inmemory/container_repo.go:67.3,67.32 1 1
github.com/ljubushkin/container-management-service/internal/repository/inmemory/container_repo.go:67.32,68.69 1 1
github.com/ljubushkin/container-management-service/internal/repository/inmemory/container_repo.go:68.69,69.13 1 1
github.com/ljubushkin/container-management-service/internal/repository/inmemory/container_repo.go:73.3,73.45 1 1
github.com/ljubushkin/container-management-service/internal/repository/inmemory/container_repo.go:77.2,77.41 1 1
github.com/ljubushkin/container-management-service/internal/repository/inmemory/container_repo.go:77.41,79.3 1 1
github.com/ljubushkin/container-management-service/internal/repository/inmemory/container_repo.go:82.2,83.25 2 1
github.com/ljubushkin/container-management-service/internal/repository/inmemory/container_repo.go:83.25,85.3 1 1
github.com/ljubushkin/container-management-service/internal/repository/inmemory/container_repo.go:87.2,88.23 2 1
github.com/ljubushkin/container-management-service/internal/repository/inmemory/container_repo.go:88.23,90.3 1 1
github.com/ljubushkin/container-management-service/internal/repository/inmemory/container_repo.go:92.2,92.31 1 1
github.com/ljubushkin/container-management-service/internal/repository/inmemory/container_repo.go:95.59,99.32 3 1
github.com/ljubushkin/container-management-service/internal/repository/inmemory/container_repo.go:99.32,101.3 1 1
github.com/ljubushkin/container-management-service/internal/repository/inmemory/container_repo.go:103.2,104.12 2 1
github.com/ljubushkin/container-management-service/internal/repository/inmemory/container_repo.go:109.60,110.14 1 1
github.com/ljubushkin/container-management-service/internal/repository/inmemory/container_repo.go:110.14,112.3 1 0
github.com/ljubushkin/container-management-service/internal/repository/inmemory/container_repo.go:114.2,116.26 2 1
github.com/ljubushkin/container-management-service/internal/repository/inmemory/container_repo.go:116.26,119.3 2 1
github.com/ljubushkin/container-management-service/internal/repository/inmemory/container_repo.go:121.2,121.15 1 1
github.com/ljubushkin/container-management-service/internal/repository/inmemory/container_type_repo.go:12.48,19.2 1 1
github.com/ljubushkin/container-management-service/internal/repository/inmemory/container_type_repo.go:21.83,23.9 2 1
github.com/ljubushkin/container-management-service/internal/repository/inmemory/container_type_repo.go:23.9,25.3 1 1
github.com/ljubushkin/container-management-service/internal/repository/inmemory/container_type_repo.go:26.2,26.15 1 1
github.com/ljubushkin/container-management-service/internal/repository/inmemory/container_type_repo.go:29.69,31.27 2 1
github.com/ljubushkin/container-management-service/internal/repository/inmemory/container_type_repo.go:31.27,33.3 1 1
github.com/ljubushkin/container-management-service/internal/repository/inmemory/container_type_repo.go:34.2,34.20 1 1
github.com/ljubushkin/container-management-service/internal/repository/inmemory/warehouse_repo.go:12.40,19.2 1 1
github.com/ljubushkin/container-management-service/internal/repository/inmemory/warehouse_repo.go:21.71,23.9 2 1
github.com/ljubushkin/container-management-service/internal/repository/inmemory/warehouse_repo.go:23.9,25.3 1 1
github.com/ljubushkin/container-management-service/internal/repository/inmemory/warehouse_repo.go:26.2,26.15 1 1
github.com/ljubushkin/container-management-service/internal/repository/inmemory/warehouse_repo.go:29.61,31.27 2 1
github.com/ljubushkin/container-management-service/internal/repository/inmemory/warehouse_repo.go:31.27,33.3 1 1
github.com/ljubushkin/container-management-service/internal/repository/inmemory/warehouse_repo.go:34.2,34.20 1 1
github.com/ljubushkin/container-management-service/internal/usecase/container_service.go:23.12,29.2 1 1
github.com/ljubushkin/container-management-service/internal/usecase/container_service.go:31.79,32.20 1 1
github.com/ljubushkin/container-management-service/internal/usecase/container_service.go:32.20,38.3 1 1
github.com/ljubushkin/container-management-service/internal/usecase/container_service.go:40.2,41.16 2 1
github.com/ljubushkin/container-management-service/internal/usecase/container_service.go:41.16,47.3 1 1
github.com/ljubushkin/container-management-service/internal/usecase/container_service.go:49.2,56.41 2 1
github.com/ljubushkin/container-management-service/internal/usecase/container_service.go:56.41,62.3 1 1
github.com/ljubushkin/container-management-service/internal/usecase/container_service.go:64.2,64.15 1 1
github.com/ljubushkin/container-management-service/internal/usecase/container_service.go:67.88,68.16 1 1
github.com/ljubushkin/container-management-service/internal/usecase/container_service.go:68.16,74.3 1 1
github.com/ljubushkin/container-management-service/internal/usecase/container_service.go:76.2,76.20 1 1
github.com/ljubushkin/container-management-service/internal/usecase/container_service.go:76.20,82.3 1 1
github.com/ljubushkin/container-management-service/internal/usecase/container_service.go:84.2,85.16 2 1
github.com/ljubushkin/container-management-service/internal/usecase/container_service.go:85.16,91.3 1 1
github.com/ljubushkin/container-management-service/internal/usecase/container_service.go:93.2,96.18 3 1
github.com/ljubushkin/container-management-service/internal/usecase/container_service.go:96.18,103.3 1 1
github.com/ljubushkin/container-management-service/internal/usecase/container_service.go:105.2,105.51 1 1
github.com/ljubushkin/container-management-service/internal/usecase/container_service.go:105.51,111.3 1 1
github.com/ljubushkin/container-management-service/internal/usecase/container_service.go:113.2,113.20 1 1
github.com/ljubushkin/container-management-service/internal/usecase/container_service.go:116.65,118.16 2 1
github.com/ljubushkin/container-management-service/internal/usecase/container_service.go:118.16,119.45 1 1
github.com/ljubushkin/container-management-service/internal/usecase/container_service.go:119.45,125.4 1 1
github.com/ljubushkin/container-management-service/internal/usecase/container_service.go:127.3,131.4 1 1
github.com/ljubushkin/container-management-service/internal/usecase/container_service.go:134.2,134.23 1 1
github.com/ljubushkin/container-management-service/internal/usecase/container_service.go:137.71,138.35 1 1
github.com/ljubushkin/container-management-service/internal/usecase/container_service.go:138.35,144.3 1 1
github.com/ljubushkin/container-management-service/internal/usecase/container_service.go:146.2,147.16 2 1
github.com/ljubushkin/container-management-service/internal/usecase/container_service.go:147.16,148.45 1 1
github.com/ljubushkin/container-management-service/internal/usecase/container_service.go:148.45,154.4 1 1
github.com/ljubushkin/container-management-service/internal/usecase/container_service.go:156.3,160.4 1 0
github.com/ljubushkin/container-management-service/internal/usecase/container_service.go:163.2,165.41 2 1
github.com/ljubushkin/container-management-service/internal/usecase/container_service.go:165.41,171.3 1 1
github.com/ljubushkin/container-management-service/internal/usecase/container_service.go:173.2,173.12 1 1
github.com/ljubushkin/container-management-service/internal/usecase/container_service.go:176.64,178.16 2 1
github.com/ljubushkin/container-management-service/internal/usecase/container_service.go:178.16,184.3 1 1
github.com/ljubushkin/container-management-service/internal/usecase/container_service.go:186.2,187.16 2 1
github.com/ljubushkin/container-management-service/internal/usecase/container_service.go:187.16,188.45 1 1
github.com/ljubushkin/container-management-service/internal/usecase/container_service.go:188.45,194.4 1 1
github.com/ljubushkin/container-management-service/internal/usecase/container_service.go:196.3,200.4 1 0
github.com/ljubushkin/container-management-service/internal/usecase/container_service.go:203.2,205.41 2 1
github.com/ljubushkin/container-management-service/internal/usecase/container_service.go:205.41,211.3 1 1
github.com/ljubushkin/container-management-service/internal/usecase/container_service.go:213.2,213.12 1 1
github.com/ljubushkin/container-management-service/internal/usecase/container_service.go:216.84,218.43 1 1
github.com/ljubushkin/container-management-service/internal/usecase/container_service.go:218.43,224.3 1 1
github.com/ljubushkin/container-management-service/internal/usecase/container_service.go:227.2,227.23 1 1
github.com/ljubushkin/container-management-service/internal/usecase/container_service.go:227.23,229.3 1 1
github.com/ljubushkin/container-management-service/internal/usecase/container_service.go:231.2,232.16 2 1
github.com/ljubushkin/container-management-service/internal/usecase/container_service.go:232.16,238.3 1 1
github.com/ljubushkin/container-management-service/internal/usecase/container_service.go:240.2,240.24 1 1
github.com/ljubushkin/container-management-service/internal/usecase/container_service.go:243.65,245.16 2 1
github.com/ljubushkin/container-management-service/internal/usecase/container_service.go:245.16,251.3 1 1
github.com/ljubushkin/container-management-service/internal/usecase/container_service.go:252.2,252.24 1 1
github.com/ljubushkin/container-management-service/internal/usecase/container_service.go:255.73,257.16 2 1
github.com/ljubushkin/container-management-service/internal/usecase/container_service.go:257.16,263.3 1 1
github.com/ljubushkin/container-management-service/internal/usecase/container_service.go:264.2,264.28 1 1
github.com/ljubushkin/container-management-service/cmd/app/main.go:23.37,25.16 2 0
github.com/ljubushkin/container-management-service/cmd/app/main.go:25.16,27.3 1 0
github.com/ljubushkin/container-management-service/cmd/app/main.go:29.2,29.34 1 0
github.com/ljubushkin/container-management-service/cmd/app/main.go:29.34,31.3 1 0
github.com/ljubushkin/container-management-service/cmd/app/main.go:33.2,33.11 1 0
github.com/ljubushkin/container-management-service/cmd/app/main.go:41.3,42.21 1 0
github.com/ljubushkin/container-management-service/cmd/app/main.go:43.18,49.7 2 0
github.com/ljubushkin/container-management-service/cmd/app/main.go:51.18,59.6 3 0
github.com/ljubushkin/container-management-service/cmd/app/main.go:61.10,63.28 2 0
github.com/ljubushkin/container-management-service/cmd/app/main.go:67.13,71.15 3 0
github.com/ljubushkin/container-management-service/cmd/app/main.go:71.15,73.3 1 0
github.com/ljubushkin/container-management-service/cmd/app/main.go:75.2,87.12 7 0
github.com/ljubushkin/container-management-service/cmd/app/main.go:87.12,90.90 2 0
github.com/ljubushkin/container-management-service/cmd/app/main.go:90.90,92.4 1 0
github.com/ljubushkin/container-management-service/cmd/app/main.go:95.2,101.53 5 0
github.com/ljubushkin/container-management-service/cmd/app/main.go:101.53,103.40 2 0
github.com/ljubushkin/container-management-service/cmd/app/main.go:103.40,105.4 1 0
github.com/ljubushkin/container-management-service/cmd/app/main.go:108.2,108.31 1 0
github.com/ljubushkin/container-management-service/internal/domain/container.go:40.35,41.11 1 0
github.com/ljubushkin/container-management-service/internal/domain/container.go:42.48,43.14 1 0
github.com/ljubushkin/container-management-service/internal/domain/container.go:44.10,45.15 1 0
github.com/ljubushkin/container-management-service/internal/apperror/apperror.go:22.35,24.2 1 0
github.com/ljubushkin/container-management-service/internal/apperror/apperror.go:26.35,28.2 1 0
github.com/ljubushkin/container-management-service/internal/apperror/apperror.go:30.58,36.2 1 0
github.com/ljubushkin/container-management-service/internal/apperror/apperror.go:38.36,40.29 2 0
github.com/ljubushkin/container-management-service/internal/apperror/apperror.go:40.29,42.3 1 0
github.com/ljubushkin/container-management-service/internal/apperror/apperror.go:43.2,43.14 1 0
github.com/ljubushkin/container-management-service/internal/config/config.go:17.20,23.2 1 0
github.com/ljubushkin/container-management-service/internal/config/config.go:25.42,27.13 2 0
github.com/ljubushkin/container-management-service/internal/config/config.go:27.13,29.3 1 0
github.com/ljubushkin/container-management-service/internal/config/config.go:30.2,30.10 1 0
github.com/ljubushkin/container-management-service/internal/repository/postgres/container_repo.go:17.50,19.2 1 0
github.com/ljubushkin/container-management-service/internal/repository/postgres/container_repo.go:21.59,35.16 3 0
github.com/ljubushkin/container-management-service/internal/repository/postgres/container_repo.go:35.16,37.3 1 0
github.com/ljubushkin/container-management-service/internal/repository/postgres/container_repo.go:39.2,39.12 1 0
github.com/ljubushkin/container-management-service/internal/repository/postgres/container_repo.go:42.71,60.16 6 0
github.com/ljubushkin/container-management-service/internal/repository/postgres/container_repo.go:60.16,61.36 1 0
github.com/ljubushkin/container-management-service/internal/repository/postgres/container_repo.go:61.36,63.4 1 0
github.com/ljubushkin/container-management-service/internal/repository/postgres/container_repo.go:64.3,64.18 1 0
github.com/ljubushkin/container-management-service/internal/repository/postgres/container_repo.go:67.2,68.23 2 0
github.com/ljubushkin/container-management-service/internal/repository/postgres/container_repo.go:68.23,70.3 1 0
github.com/ljubushkin/container-management-service/internal/repository/postgres/container_repo.go:72.2,72.16 1 0
github.com/ljubushkin/container-management-service/internal/repository/postgres/container_repo.go:75.59,91.16 3 0
github.com/ljubushkin/container-management-service/internal/repository/postgres/container_repo.go:91.16,93.3 1 0
github.com/ljubushkin/container-management-service/internal/repository/postgres/container_repo.go:95.2,96.16 2 0
github.com/ljubushkin/container-management-service/internal/repository/postgres/container_repo.go:96.16,98.3 1 0
github.com/ljubushkin/container-management-service/internal/repository/postgres/container_repo.go:100.2,100.23 1 0
github.com/ljubushkin/container-management-service/internal/repository/postgres/container_repo.go:100.23,102.3 1 0
github.com/ljubushkin/container-management-service/internal/repository/postgres/container_repo.go:104.2,104.12 1 0
github.com/ljubushkin/container-management-service/internal/repository/postgres/container_repo.go:107.75,109.16 2 0
github.com/ljubushkin/container-management-service/internal/repository/postgres/container_repo.go:109.16,111.3 1 0
github.com/ljubushkin/container-management-service/internal/repository/postgres/container_repo.go:112.2,119.31 3 0
github.com/ljubushkin/container-management-service/internal/repository/postgres/container_repo.go:119.31,128.17 2 0
github.com/ljubushkin/container-management-service/internal/repository/postgres/container_repo.go:128.17,130.4 1 0
github.com/ljubushkin/container-management-service/internal/repository/postgres/container_repo.go:133.2,133.20 1 0
github.com/ljubushkin/container-management-service/internal/repository/postgres/container_repo.go:136.90,148.28 3 0
github.com/ljubushkin/container-management-service/internal/repository/postgres/container_repo.go:148.28,152.3 3 0
github.com/ljubushkin/container-management-service/internal/repository/postgres/container_repo.go:154.2,154.31 1 0
github.com/ljubushkin/container-management-service/internal/repository/postgres/container_repo.go:154.31,158.3 3 0
github.com/ljubushkin/container-management-service/internal/repository/postgres/container_repo.go:160.2,160.26 1 0
github.com/ljubushkin/container-management-service/internal/repository/postgres/container_repo.go:160.26,164.3 3 0
github.com/ljubushkin/container-management-service/internal/repository/postgres/container_repo.go:166.2,168.20 2 0
github.com/ljubushkin/container-management-service/internal/repository/postgres/container_repo.go:168.20,170.3 1 0
github.com/ljubushkin/container-management-service/internal/repository/postgres/container_repo.go:172.2,176.16 4 0
github.com/ljubushkin/container-management-service/internal/repository/postgres/container_repo.go:176.16,178.3 1 0
github.com/ljubushkin/container-management-service/internal/repository/postgres/container_repo.go:179.2,183.18 3 0
github.com/ljubushkin/container-management-service/internal/repository/postgres/container_repo.go:183.18,194.17 4 0
github.com/ljubushkin/container-management-service/internal/repository/postgres/container_repo.go:194.17,196.4 1 0
github.com/ljubushkin/container-management-service/internal/repository/postgres/container_repo.go:198.3,200.24 2 0
github.com/ljubushkin/container-management-service/internal/repository/postgres/container_repo.go:200.24,203.4 2 0
github.com/ljubushkin/container-management-service/internal/repository/postgres/container_repo.go:205.3,205.30 1 0
github.com/ljubushkin/container-management-service/internal/repository/postgres/container_repo.go:208.2,208.35 1 0
github.com/ljubushkin/container-management-service/internal/repository/postgres/container_repo.go:208.35,210.3 1 0
github.com/ljubushkin/container-management-service/internal/repository/postgres/container_repo.go:212.2,212.20 1 0
github.com/ljubushkin/container-management-service/internal/repository/postgres/container_type_repo.go:15.58,17.2 1 0
github.com/ljubushkin/container-management-service/internal/repository/postgres/container_type_repo.go:19.83,28.16 4 0
github.com/ljubushkin/container-management-service/internal/repository/postgres/container_type_repo.go:28.16,29.36 1 0
github.com/ljubushkin/container-management-service/internal/repository/postgres/container_type_repo.go:29.36,31.4 1 0
github.com/ljubushkin/container-management-service/internal/repository/postgres/container_type_repo.go:32.3,32.18 1 0
github.com/ljubushkin/container-management-service/internal/repository/postgres/container_type_repo.go:35.2,35.16 1 0
github.com/ljubushkin/container-management-service/internal/repository/postgres/container_type_repo.go:38.69,46.16 3 0
github.com/ljubushkin/container-management-service/internal/repository/postgres/container_type_repo.go:46.16,48.3 1 0
github.com/ljubushkin/container-management-service/internal/repository/postgres/container_type_repo.go:49.2,52.18 3 0
github.com/ljubushkin/container-management-service/internal/repository/postgres/container_type_repo.go:52.18,54.53 2 0
github.com/ljubushkin/container-management-service/internal/repository/postgres/container_type_repo.go:54.53,56.4 1 0
github.com/ljubushkin/container-management-service/internal/repository/postgres/container_type_repo.go:57.3,57.30 1 0
github.com/ljubushkin/container-management-service/internal/repository/postgres/container_type_repo.go:60.2,60.35 1 0
github.com/ljubushkin/container-management-service/internal/repository/postgres/container_type_repo.go:60.35,62.3 1 0
github.com/ljubushkin/container-management-service/internal/repository/postgres/container_type_repo.go:64.2,64.20 1 0
github.com/ljubushkin/container-management-service/internal/repository/postgres/warehouse_repo.go:15.50,17.2 1 0
github.com/ljubushkin/container-management-service/internal/repository/postgres/warehouse_repo.go:19.71,28.16 4 0
github.com/ljubushkin/container-management-service/internal/repository/postgres/warehouse_repo.go:28.16,29.36 1 0
github.com/ljubushkin/container-management-service/internal/repository/postgres/warehouse_repo.go:29.36,31.4 1 0
github.com/ljubushkin/container-management-service/internal/repository/postgres/warehouse_repo.go:32.3,32.18 1 0
github.com/ljubushkin/container-management-service/internal/repository/postgres/warehouse_repo.go:35.2,35.16 1 0
github.com/ljubushkin/container-management-service/internal/repository/postgres/warehouse_repo.go:38.61,46.16 3 0
github.com/ljubushkin/container-management-service/internal/repository/postgres/warehouse_repo.go:46.16,48.3 1 0
github.com/ljubushkin/container-management-service/internal/repository/postgres/warehouse_repo.go:49.2,52.18 3 0
github.com/ljubushkin/container-management-service/internal/repository/postgres/warehouse_repo.go:52.18,54.51 2 0
github.com/ljubushkin/container-management-service/internal/repository/postgres/warehouse_repo.go:54.51,56.4 1 0
github.com/ljubushkin/container-management-service/internal/repository/postgres/warehouse_repo.go:57.3,57.30 1 0
github.com/ljubushkin/container-management-service/internal/repository/postgres/warehouse_repo.go:60.2,60.35 1 0
github.com/ljubushkin/container-management-service/internal/repository/postgres/warehouse_repo.go:60.35,62.3 1 0
github.com/ljubushkin/container-management-service/internal/repository/postgres/warehouse_repo.go:64.2,64.20 1 0
github.com/ljubushkin/container-management-service/internal/transport/http/dto.go:29.56,37.2 1 1
github.com/ljubushkin/container-management-service/internal/transport/http/dto.go:46.58,50.2 3 1
github.com/ljubushkin/container-management-service/internal/transport/http/dto.go:52.51,55.29 2 1
github.com/ljubushkin/container-management-service/internal/transport/http/dto.go:55.29,64.3 6 1
github.com/ljubushkin/container-management-service/internal/transport/http/dto.go:67.2,71.52 4 0
github.com/ljubushkin/container-management-service/internal/transport/http/dto.go:74.40,75.14 1 1
github.com/ljubushkin/container-management-service/internal/transport/http/dto.go:78.33,79.31 1 1
github.com/ljubushkin/container-management-service/internal/transport/http/dto.go:81.29,82.29 1 1
github.com/ljubushkin/container-management-service/internal/transport/http/dto.go:84.10,85.40 1 0
github.com/ljubushkin/container-management-service/internal/transport/http/dto.go:115.65,120.2 1 1
github.com/ljubushkin/container-management-service/internal/transport/http/dto.go:122.77,127.2 1 1
github.com/ljubushkin/container-management-service/internal/transport/http/handler.go:17.46,19.2 1 1
github.com/ljubushkin/container-management-service/internal/transport/http/handler.go:21.75,24.61 2 1
github.com/ljubushkin/container-management-service/internal/transport/http/handler.go:24.61,31.3 2 1
github.com/ljubushkin/container-management-service/internal/transport/http/handler.go:33.2,33.45 1 1
github.com/ljubushkin/container-management-service/internal/transport/http/handler.go:33.45,40.3 2 1
github.com/ljubushkin/container-management-service/internal/transport/http/handler.go:42.2,43.16 2 1
github.com/ljubushkin/container-management-service/internal/transport/http/handler.go:43.16,46.3 2 1
github.com/ljubushkin/container-management-service/internal/transport/http/handler.go:48.2,48.49 1 1
github.com/ljubushkin/container-management-service/internal/transport/http/handler.go:51.80,56.61 3 1
github.com/ljubushkin/container-management-service/internal/transport/http/handler.go:56.61,63.3 2 1
github.com/ljubushkin/container-management-service/internal/transport/http/handler.go:65.2,65.45 1 1
github.com/ljubushkin/container-management-service/internal/transport/http/handler.go:65.45,72.3 2 1
github.com/ljubushkin/container-management-service/internal/transport/http/handler.go:74.2,75.16 2 1
github.com/ljubushkin/container-management-service/internal/transport/http/handler.go:75.16,78.3 2 0
github.com/ljubushkin/container-management-service/internal/transport/http/handler.go:80.2,81.31 2 1
github.com/ljubushkin/container-management-service/internal/transport/http/handler.go:81.31,83.3 1 1
github.com/ljubushkin/container-management-service/internal/transport/http/handler.go:85.2,85.40 1 1
github.com/ljubushkin/container-management-service/internal/transport/http/handler.go:88.67,92.16 3 1
github.com/ljubushkin/container-management-service/internal/transport/http/handler.go:92.16,95.3 2 1
github.com/ljubushkin/container-management-service/internal/transport/http/handler.go:97.2,97.44 1 1
github.com/ljubushkin/container-management-service/internal/transport/http/handler.go:100.75,104.61 3 1
github.com/ljubushkin/container-management-service/internal/transport/http/handler.go:104.61,111.3 2 1
github.com/ljubushkin/container-management-service/internal/transport/http/handler.go:113.2,113.45 1 1
github.com/ljubushkin/container-management-service/internal/transport/http/handler.go:113.45,120.3 2 1
github.com/ljubushkin/container-management-service/internal/transport/http/handler.go:122.2,122.71 1 1
github.com/ljubushkin/container-management-service/internal/transport/http/handler.go:122.71,125.3 2 1
github.com/ljubushkin/container-management-service/internal/transport/http/handler.go:127.2,127.37 1 1
github.com/ljubushkin/container-management-service/internal/transport/http/handler.go:130.67,135.33 3 1
github.com/ljubushkin/container-management-service/internal/transport/http/handler.go:135.33,137.3 1 1
github.com/ljubushkin/container-management-service/internal/transport/http/handler.go:139.2,139.41 1 1
github.com/ljubushkin/container-management-service/internal/transport/http/handler.go:139.41,141.3 1 0
github.com/ljubushkin/container-management-service/internal/transport/http/handler.go:143.2,143.35 1 1
github.com/ljubushkin/container-management-service/internal/transport/http/handler.go:143.35,145.31 2 1
github.com/ljubushkin/container-management-service/internal/transport/http/handler.go:145.31,151.4 1 1
github.com/ljubushkin/container-management-service/internal/transport/http/handler.go:152.3,152.21 1 0
github.com/ljubushkin/container-management-service/internal/transport/http/handler.go:155.2,155.34 1 1
github.com/ljubushkin/container-management-service/internal/transport/http/handler.go:155.34,157.17 2 1
github.com/ljubushkin/container-management-service/internal/transport/http/handler.go:157.17,163.4 1 1
github.com/ljubushkin/container-management-service/internal/transport/http/handler.go:164.3,164.23 1 1
github.com/ljubushkin/container-management-service/internal/transport/http/handler.go:167.2,167.35 1 1
github.com/ljubushkin/container-management-service/internal/transport/http/handler.go:167.35,169.17 2 1
github.com/ljubushkin/container-management-service/internal/transport/http/handler.go:169.17,175.4 1 1
github.com/ljubushkin/container-management-service/internal/transport/http/handler.go:176.3,176.25 1 1
github.com/ljubushkin/container-management-service/internal/transport/http/handler.go:179.2,179.20 1 1
github.com/ljubushkin/container-management-service/internal/transport/http/handler.go:182.74,184.16 2 1
github.com/ljubushkin/container-management-service/internal/transport/http/handler.go:184.16,187.3 2 1
github.com/ljubushkin/container-management-service/internal/transport/http/handler.go:189.2,190.16 2 1
github.com/ljubushkin/container-management-service/internal/transport/http/handler.go:190.16,193.3 2 0
github.com/ljubushkin/container-management-service/internal/transport/http/handler.go:195.2,196.31 2 1
github.com/ljubushkin/container-management-service/internal/transport/http/handler.go:196.31,198.3 1 1
github.com/ljubushkin/container-management-service/internal/transport/http/handler.go:200.2,207.4 1 1
github.com/ljubushkin/container-management-service/internal/transport/http/handler.go:210.74,212.16 2 1
github.com/ljubushkin/container-management-service/internal/transport/http/handler.go:212.16,215.3 2 0
github.com/ljubushkin/container-management-service/internal/transport/http/handler.go:217.2,218.32 2 1
github.com/ljubushkin/container-management-service/internal/transport/http/handler.go:218.32,220.3 1 1
github.com/ljubushkin/container-management-service/internal/transport/http/handler.go:222.2,222.35 1 1
github.com/ljubushkin/container-management-service/internal/transport/http/handler.go:225.78,227.16 2 1
github.com/ljubushkin/container-management-service/internal/transport/http/handler.go:227.16,230.3 2 0
github.com/ljubushkin/container-management-service/internal/transport/http/handler.go:232.2,233.26 2 1
github.com/ljubushkin/container-management-service/internal/transport/http/handler.go:233.26,235.3 1 1
github.com/ljubushkin/container-management-service/internal/transport/http/handler.go:237.2,237.35 1 1
github.com/ljubushkin/container-management-service/internal/transport/http/middleware.go:14.49,17.2 2 1
github.com/ljubushkin/container-management-service/internal/transport/http/middleware.go:19.55,20.71 1 1
github.com/ljubushkin/container-management-service/internal/transport/http/middleware.go:20.71,39.3 5 1
github.com/ljubushkin/container-management-service/internal/transport/http/router.go:5.41,9.77 2 1
github.com/ljubushkin/container-management-service/internal/transport/http/router.go:9.77,10.19 1 1
github.com/ljubushkin/container-management-service/internal/transport/http/router.go:11.23,12.26 1 1
github.com/ljubushkin/container-management-service/internal/transport/http/router.go:13.24,14.27 1 1
github.com/ljubushkin/container-management-service/internal/transport/http/router.go:15.11,16.46 1 1
github.com/ljubushkin/container-management-service/internal/transport/http/router.go:21.2,21.83 1 1
github.com/ljubushkin/container-management-service/internal/transport/http/router.go:21.83,22.34 1 1
github.com/ljubushkin/container-management-service/internal/transport/http/router.go:22.34,25.4 2 1
github.com/ljubushkin/container-management-service/internal/transport/http/router.go:26.3,26.45 1 1
github.com/ljubushkin/container-management-service/internal/transport/http/router.go:30.2,30.81 1 1
github.com/ljubushkin/container-management-service/internal/transport/http/router.go:30.81,31.33 1 1
github.com/ljubushkin/container-management-service/internal/transport/http/router.go:31.33,34.4 2 1
github.com/ljubushkin/container-management-service/internal/transport/http/router.go:35.3,35.45 1 1
github.com/ljubushkin/container-management-service/internal/transport/http/router.go:39.2,39.84 1 1
github.com/ljubushkin/container-management-service/internal/transport/http/router.go:39.84,40.34 1 1
github.com/ljubushkin/container-management-service/internal/transport/http/router.go:40.34,43.4 2 1
github.com/ljubushkin/container-management-service/internal/transport/http/router.go:44.3,44.45 1 1
github.com/ljubushkin/container-management-service/internal/transport/http/router.go:48.2,48.77 1 1
github.com/ljubushkin/container-management-service/internal/transport/http/router.go:48.77,49.33 1 1
github.com/ljubushkin/container-management-service/internal/transport/http/router.go:49.33,52.4 2 1
github.com/ljubushkin/container-management-service/internal/transport/http/router.go:53.3,53.45 1 1
github.com/ljubushkin/container-management-service/internal/transport/http/router.go:57.2,57.72 1 1
github.com/ljubushkin/container-management-service/internal/transport/http/router.go:57.72,58.33 1 1
github.com/ljubushkin/container-management-service/internal/transport/http/router.go:58.33,61.4 2 1
github.com/ljubushkin/container-management-service/internal/transport/http/router.go:62.3,62.45 1 1
github.com/ljubushkin/container-management-service/internal/transport/http/router.go:65.2,65.30 1 1
github.com/ljubushkin/container-management-service/internal/transport/http/validator.go:7.35,9.2 1 1
